<?xml version="1.0" encoding="UTF-8"?>
<testsuite xmlns:xsi="http://www.w3.org/2001/XMLSchema-instance" xsi:noNamespaceSchemaLocation="https://maven.apache.org/surefire/maven-surefire-plugin/xsd/surefire-test-report-3.0.xsd" version="3.0" name="io.deadline4j.spring.autoconfigure.Deadline4jAutoConfigurationTest" time="0.645" tests="8" errors="0" skipped="0" failures="0">
  <properties>
[...]
</properties>
  <testcase name="adaptiveConfigResolvesPerService" classname="io.deadline4j.spring.autoconfigure.Deadline4jAutoConfigurationTest" time="0.358"/>
  <testcase name="serverDeadlineConfigFromProperty" classname="io.deadline4j.spring.autoconfigure.Deadline4jAutoConfigurationTest" time="0.02"/>
  <testcase name="customCodecOverridesDefault" classname="io.deadline4j.spring.autoconfigure.Deadline4jAutoConfigurationTest" time="0.022"/>
  <testcase name="unknownServiceFallsBackToGlobal" classname="io.deadline4j.spring.autoconfigure.Deadline4jAutoConfigurationTest" time="0.016"/>
  <testcase name="coreBeansCreated" classname="io.deadline4j.spring.autoconfigure.Deadline4jAutoConfigurationTest" time="0.016"/>
  <testcase name="defaultEnforcementIsObserve" classname="io.deadline4j.spring.autoconfigure.Deadline4jAutoConfigurationTest" time="0.012"/>
  <testcase name="serviceConfigResolvesPerService" classname="io.deadline4j.spring.autoconfigure.Deadline4jAutoConfigurationTest" time="0.018"/>
  <testcase name="serverDeadlineConfigNoneWhenNotSet" classname="io.deadline4j.spring.autoconfigure.Deadline4jAutoConfigurationTest" time="0.018"/>
</testsuite>