<?xml version="1.0" encoding="UTF-8"?>
<testsuite xmlns:xsi="http://www.w3.org/2001/XMLSchema-instance" xsi:noNamespaceSchemaLocation="https://maven.apache.org/surefire/maven-surefire-plugin/xsd/surefire-test-report-3.0.xsd" version="3.0" name="io.deadline4j.it.webmvc.WebMvcDefaultDeadlineTest" time="3.109" tests="2" errors="0" skipped="0" failures="0">
  <properties>
[...]
</properties>
  <testcase name="explicitHeaderOverridesDefault" classname="io.deadline4j.it.webmvc.WebMvcDefaultDeadlineTest" time="1.022">
    <system-out><![CDATA[
  .   ____          _            __ _ _
 /\\ / ___'_ __ _ _(_)_ __  __ _ \ \ \ \
( ( )\___ | '_ | '_| | '_ \/ _` | \ \ \ \
 \\/  ___)| |_)| | | | | || (_| |  ) ) ) )
  '  |____| .__|_| |_|_| |_\__, | / / / /
 =========|_|==============|___/=/_/_/_/

 :: Spring Boot ::                (v3.3.6)

2026-03-30T16:57:34.057+05:30  INFO 3353 --- [           main] i.d.it.webmvc.WebMvcDefaultDeadlineTest  : Starting WebMvcDefaultDeadlineTest using Java 25.0.1 with PID 3353 (started by maneesh in /Users/maneesh/deadline4j/deadline4j-integration-tests)
2026-03-30T16:57:34.059+05:30  INFO 3353 --- [           main] i.d.it.webmvc.WebMvcDefaultDeadlineTest  : No active profile set, falling back to 1 default profile: "default"
2026-03-30T16:57:34.999+05:30  INFO 3353 --- [           main] o.s.b.w.embedded.tomcat.TomcatWebServer  : Tomcat initialized with port 0 (http)
2026-03-30T16:57:35.017+05:30  INFO 3353 --- [           main] o.apache.catalina.core.StandardService   : Starting service [Tomcat]
2026-03-30T16:57:35.017+05:30  INFO 3353 --- [           main] o.apache.catalina.core.StandardEngine    : Starting Servlet engine: [Apache Tomcat/10.1.33]
2026-03-30T16:57:35.069+05:30  INFO 3353 --- [           main] o.a.c.c.C.[Tomcat].[localhost].[/]       : Initializing Spring embedded WebApplicationContext
2026-03-30T16:57:35.070+05:30  INFO 3353 --- [           main] w.s.c.ServletWebServerApplicationContext : Root WebApplicationContext: initialization completed in 995 ms
2026-03-30T16:57:35.564+05:30  INFO 3353 --- [           main] o.s.b.w.embedded.tomcat.TomcatWebServer  : Tomcat started on port 49561 (http) with context path '/'
2026-03-30T16:57:35.572+05:30  INFO 3353 --- [           main] i.d.it.webmvc.WebMvcDefaultDeadlineTest  : Started WebMvcDefaultDeadlineTest in 1.902 seconds (process running for 6.048)
2026-03-30T16:57:36.408+05:30  INFO 3353 --- [o-auto-1-exec-1] o.a.c.c.C.[Tomcat].[localhost].[/]       : Initializing Spring DispatcherServlet 'dispatcherServlet'
2026-03-30T16:57:36.409+05:30  INFO 3353 --- [o-auto-1-exec-1] o.s.web.servlet.DispatcherServlet        : Initializing Servlet 'dispatcherServlet'
2026-03-30T16:57:36.411+05:30  INFO 3353 --- [o-auto-1-exec-1] o.s.web.servlet.DispatcherServlet        : Completed initialization in 2 ms
]]></system-out>
    <system-err><![CDATA[WARNING: A Java agent has been loaded dynamically (/Users/maneesh/.m2/repository/net/bytebuddy/byte-buddy-agent/1.14.12/byte-buddy-agent-1.14.12.jar)
WARNING: If a serviceability tool is in use, please run with -XX:+EnableDynamicAgentLoading to hide this warning
WARNING: If a serviceability tool is not in use, please run with -Djdk.instrument.traceUsage for more information
WARNING: Dynamic loading of agents will be disallowed by default in a future release
]]></system-err>
  </testcase>
  <testcase name="defaultDeadlineApplied" classname="io.deadline4j.it.webmvc.WebMvcDefaultDeadlineTest" time="0.006"/>
</testsuite>