<?xml version="1.0" encoding="UTF-8" standalone="yes"?><!DOCTYPE report PUBLIC "-//JACOCO//DTD Report 1.1//EN" "report.dtd"><report name="deadline4j-spring-cloud-openfeign"><sessioninfo id="Maneeshs-MacBook-Air.local-204973a4" start="1774858699546" dump="1774858700729"/><sessioninfo id="Maneeshs-MacBook-Air.local-ada20dc9" start="1774858700058" dump="1774858701079"/><sessioninfo id="Maneeshs-MacBook-Air.local-52d66a88" start="1774858706583" dump="1774858707950"/><sessioninfo id="Maneeshs-MacBook-Air.local-489b811e" start="1774858707199" dump="1774858708517"/><sessioninfo id="Maneeshs-MacBook-Air.local-214cf6d6" start="1774858726264" dump="1774858727273"/><sessioninfo id="Maneeshs-MacBook-Air.local-d4c5dcd3" start="1774859876945" dump="1774859877387"/><sessioninfo id="Maneeshs-MacBook-Air.local-f27662d0" start="1774859885548" dump="1774859885984"/><sessioninfo id="Maneeshs-MacBook-Air.local-48198fbf" start="1774865486593" dump="1774865487345"/><sessioninfo id="Maneeshs-MacBook-Air.local-71bd063a" start="1774865504537" dump="1774865505089"/><sessioninfo id="Maneeshs-MacBook-Air.local-88e38131" start="1774865527809" dump="1774865528677"/><package name="io/deadline4j/spring/openfeign"><class name="io/deadline4j/spring/openfeign/DefaultReturnValues" sourcefilename="DefaultReturnValues.java"><method name="forType" desc="(Ljava/lang/Class;)Ljava/lang/Object;" line="14"><counter type="INSTRUCTION" missed="0" covered="105"/><counter type="BRANCH" missed="3" covered="41"/><counter type="LINE" missed="0" covered="14"/><counter type="COMPLEXITY" missed="3" covered="20"/><counter type="METHOD" missed="0" covered="1"/></method><counter type="INSTRUCTION" missed="0" covered="105"/><counter type="BRANCH" missed="3" covered="41"/><counter type="LINE" missed="0" covered="14"/><counter type="COMPLEXITY" missed="3" covered="20"/><counter type="METHOD" missed="0" covered="1"/><counter type="CLASS" missed="0" covered="1"/></class><class name="io/deadline4j/spring/openfeign/DeadlineFeignInterceptor" sourcefilename="DeadlineFeignInterceptor.java"><method name="&lt;init&gt;" desc="(Lio/deadline4j/DeadlineCodec;Lio/deadline4j/AdaptiveTimeoutRegistry;Lio/deadline4j/ServiceNameResolver;Lio/deadline4j/ServiceConfigRegistry;)V" line="29"><counter type="INSTRUCTION" missed="0" covered="15"/><counter type="LINE" missed="0" covered="6"/><counter type="COMPLEXITY" missed="0" covered="1"/><counter type="METHOD" missed="0" covered="1"/></method><method name="apply" desc="(Lfeign/RequestTemplate;)V" line="38"><counter type="INSTRUCTION" missed="0" covered="101"/><counter type="BRANCH" missed="3" covered="17"/><counter type="LINE" missed="0" covered="22"/><counter type="COMPLEXITY" missed="3" covered="8"/><counter type="METHOD" missed="0" covered="1"/></method><method name="lambda$apply$0" desc="(Lfeign/RequestTemplate;Ljava/lang/String;Ljava/lang/String;)V" line="60"><counter type="INSTRUCTION" missed="0" covered="11"/><counter type="LINE" missed="0" covered="1"/><counter type="COMPLEXITY" missed="0" covered="1"/><counter type="METHOD" missed="0" covered="1"/></method><counter type="INSTRUCTION" missed="0" covered="127"/><counter type="BRANCH" missed="3" covered="17"/><counter type="LINE" missed="0" covered="28"/><counter type="COMPLEXITY" missed="3" covered="10"/><counter type="METHOD" missed="0" covered="3"/><counter type="CLASS" missed="0" covered="1"/></class><class name="io/deadline4j/spring/openfeign/Deadline4jFallbackFactory" sourcefilename="Deadline4jFallbackFactory.java"><method name="&lt;init&gt;" desc="(Ljava/lang/Class;)V" line="18"><counter type="INSTRUCTION" missed="0" covered="6"/><counter type="LINE" missed="0" covered="3"/><counter type="COMPLEXITY" missed="0" covered="1"/><counter type="METHOD" missed="0" covered="1"/></method><method name="create" desc="(Ljava/lang/Throwable;)Ljava/lang/Object;" line="31"><counter type="INSTRUCTION" missed="0" covered="27"/><counter type="BRANCH" missed="0" covered="4"/><counter type="LINE" missed="0" covered="5"/><counter type="COMPLEXITY" missed="0" covered="3"/><counter type="METHOD" missed="0" covered="1"/></method><method name="clientType" desc="()Ljava/lang/Class;" line="44"><counter type="INSTRUCTION" missed="0" covered="3"/><counter type="LINE" missed="0" covered="1"/><counter type="COMPLEXITY" missed="0" covered="1"/><counter type="METHOD" missed="0" covered="1"/></method><method name="lambda$create$0" desc="(Ljava/lang/Object;Ljava/lang/reflect/Method;[Ljava/lang/Object;)Ljava/lang/Object;" line="35"><counter type="INSTRUCTION" missed="0" covered="4"/><counter type="LINE" missed="0" covered="2"/><counter type="COMPLEXITY" missed="0" covered="1"/><counter type="METHOD" missed="0" covered="1"/></method><counter type="INSTRUCTION" missed="0" covered="40"/><counter type="BRANCH" missed="0" covered="4"/><counter type="LINE" missed="0" covered="11"/><counter type="COMPLEXITY" missed="0" covered="6"/><counter type="METHOD" missed="0" covered="4"/><counter type="CLASS" missed="0" covered="1"/></class><sourcefile name="DeadlineFeignInterceptor.java"><line nr="29" mi="0" ci="2" mb="0" cb="0"/><line nr="30" mi="0" ci="3" mb="0" cb="0"/><line nr="31" mi="0" ci="3" mb="0" cb="0"/><line nr="32" mi="0" ci="3" mb="0" cb="0"/><line nr="33" mi="0" ci="3" mb="0" cb="0"/><line nr="34" mi="0" ci="1" mb="0" cb="0"/><line nr="38" mi="0" ci="2" mb="0" cb="0"/><line nr="39" mi="0" ci="3" mb="0" cb="2"/><line nr="41" mi="0" ci="5" mb="0" cb="0"/><line nr="42" mi="0" ci="5" mb="0" cb="0"/><line nr="45" mi="0" ci="5" mb="0" cb="2"/><line nr="46" mi="0" ci="8" mb="0" cb="2"/><line nr="48" mi="0" ci="3" mb="0" cb="0"/><line nr="51" mi="0" ci="6" mb="1" cb="3"/><line nr="52" mi="0" ci="3" mb="0" cb="0"/><line nr="53" mi="0" ci="7" mb="2" cb="2"/><line nr="54" mi="0" ci="6" mb="0" cb="0"/><line nr="59" mi="0" ci="4" mb="0" cb="2"/><line nr="60" mi="0" ci="18" mb="0" cb="0"/><line nr="61" mi="0" ci="2" mb="0" cb="2"/><line nr="62" mi="0" ci="8" mb="0" cb="0"/><line nr="68" mi="0" ci="5" mb="0" cb="0"/><line nr="69" mi="0" ci="2" mb="0" cb="2"/><line nr="70" mi="0" ci="4" mb="0" cb="0"/><line nr="71" mi="0" ci="3" mb="0" cb="0"/><line nr="72" mi="0" ci="9" mb="0" cb="0"/><line nr="73" mi="0" ci="3" mb="0" cb="0"/><line nr="74" mi="0" ci="1" mb="0" cb="0"/><counter type="INSTRUCTION" missed="0" covered="127"/><counter type="BRANCH" missed="3" covered="17"/><counter type="LINE" missed="0" covered="28"/><counter type="COMPLEXITY" missed="3" covered="10"/><counter type="METHOD" missed="0" covered="3"/><counter type="CLASS" missed="0" covered="1"/></sourcefile><sourcefile name="Deadline4jFallbackFactory.java"><line nr="18" mi="0" ci="2" mb="0" cb="0"/><line nr="19" mi="0" ci="3" mb="0" cb="0"/><line nr="20" mi="0" ci="1" mb="0" cb="0"/><line nr="31" mi="0" ci="3" mb="0" cb="2"/><line nr="32" mi="0" ci="4" mb="0" cb="0"/><line nr="33" mi="0" ci="9" mb="0" cb="0"/><line nr="35" mi="0" ci="3" mb="0" cb="0"/><line nr="36" mi="0" ci="1" mb="0" cb="0"/><line nr="38" mi="0" ci="6" mb="0" cb="2"/><line nr="39" mi="0" ci="5" mb="0" cb="0"/><line nr="44" mi="0" ci="3" mb="0" cb="0"/><counter type="INSTRUCTION" missed="0" covered="40"/><counter type="BRANCH" missed="0" covered="4"/><counter type="LINE" missed="0" covered="11"/><counter type="COMPLEXITY" missed="0" covered="6"/><counter type="METHOD" missed="0" covered="4"/><counter type="CLASS" missed="0" covered="1"/></sourcefile><sourcefile name="DefaultReturnValues.java"><line nr="14" mi="0" ci="8" mb="0" cb="4"/><line nr="15" mi="0" ci="5" mb="0" cb="2"/><line nr="16" mi="0" ci="6" mb="0" cb="2"/><line nr="17" mi="0" ci="6" mb="0" cb="2"/><line nr="18" mi="0" ci="6" mb="0" cb="2"/><line nr="19" mi="0" ci="9" mb="0" cb="4"/><line nr="20" mi="0" ci="9" mb="0" cb="4"/><line nr="21" mi="0" ci="9" mb="0" cb="4"/><line nr="22" mi="0" ci="9" mb="0" cb="4"/><line nr="23" mi="0" ci="9" mb="0" cb="4"/><line nr="24" mi="0" ci="9" mb="1" cb="3"/><line nr="25" mi="0" ci="9" mb="1" cb="3"/><line nr="26" mi="0" ci="9" mb="1" cb="3"/><line nr="27" mi="0" ci="2" mb="0" cb="0"/><counter type="INSTRUCTION" missed="0" covered="105"/><counter type="BRANCH" missed="3" covered="41"/><counter type="LINE" missed="0" covered="14"/><counter type="COMPLEXITY" missed="3" covered="20"/><counter type="METHOD" missed="0" covered="1"/><counter type="CLASS" missed="0" covered="1"/></sourcefile><counter type="INSTRUCTION" missed="0" covered="272"/><counter type="BRANCH" missed="6" covered="62"/><counter type="LINE" missed="0" covered="53"/><counter type="COMPLEXITY" missed="6" covered="36"/><counter type="METHOD" missed="0" covered="8"/><counter type="CLASS" missed="0" covered="3"/></package><counter type="INSTRUCTION" missed="0" covered="272"/><counter type="BRANCH" missed="6" covered="62"/><counter type="LINE" missed="0" covered="53"/><counter type="COMPLEXITY" missed="6" covered="36"/><counter type="METHOD" missed="0" covered="8"/><counter type="CLASS" missed="0" covered="3"/></report>