<?xml version="1.0" encoding="UTF-8" standalone="yes"?><!DOCTYPE report PUBLIC "-//JACOCO//DTD Report 1.1//EN" "report.dtd"><report name="deadline4j-spring-webmvc-jakarta"><sessioninfo id="Maneeshs-MacBook-Air.local-3d444b8b" start="1774853332900" dump="1774853334940"/><sessioninfo id="Maneeshs-MacBook-Air.local-81117b70" start="1774853336027" dump="1774853337662"/><sessioninfo id="Maneeshs-MacBook-Air.local-94063069" start="1774853345514" dump="1774853346912"/><sessioninfo id="Maneeshs-MacBook-Air.local-6dac219e" start="1774853348070" dump="1774853349555"/><sessioninfo id="Maneeshs-MacBook-Air.local-557d0b0f" start="1774853356583" dump="1774853356995"/><sessioninfo id="Maneeshs-MacBook-Air.local-b76093ef" start="1774853378981" dump="1774853380390"/><sessioninfo id="Maneeshs-MacBook-Air.local-c38eff11" start="1774853386253" dump="1774853387490"/><sessioninfo id="Maneeshs-MacBook-Air.local-4ded680" start="1774853393754" dump="1774853395116"/><sessioninfo id="Maneeshs-MacBook-Air.local-ff913433" start="1774853402708" dump="1774853403390"/><sessioninfo id="Maneeshs-MacBook-Air.local-76aaf697" start="1774853409788" dump="1774853411035"/><sessioninfo id="Maneeshs-MacBook-Air.local-c95f7944" start="1774853463070" dump="1774853464142"/><sessioninfo id="Maneeshs-MacBook-Air.local-b03e8719" start="1774853470047" dump="1774853471373"/><sessioninfo id="Maneeshs-MacBook-Air.local-65fb0c4c" start="1774853478852" dump="1774853480766"/><sessioninfo id="Maneeshs-MacBook-Air.local-f301e357" start="1774853516692" dump="1774853517863"/><sessioninfo id="Maneeshs-MacBook-Air.local-82813a53" start="1774853604258" dump="1774853605417"/><sessioninfo id="Maneeshs-MacBook-Air.local-7655f97a" start="1774853610510" dump="1774853611554"/><sessioninfo id="Maneeshs-MacBook-Air.local-f74a0f14" start="1774855180509" dump="1774855182039"/><sessioninfo id="Maneeshs-MacBook-Air.local-7f4c6cc8" start="1774858221387" dump="1774858222975"/><sessioninfo id="Maneeshs-MacBook-Air.local-b13ded10" start="1774859874266" dump="1774859875349"/><sessioninfo id="Maneeshs-MacBook-Air.local-78bb3494" start="1774859882890" dump="1774859883932"/><sessioninfo id="Maneeshs-MacBook-Air.local-11df6fa9" start="1774865482676" dump="1774865484198"/><sessioninfo id="Maneeshs-MacBook-Air.local-42be954e" start="1774865501041" dump="1774865502324"/><sessioninfo id="Maneeshs-MacBook-Air.local-e5dffddf" start="1774865523894" dump="1774865525639"/><package name="io/deadline4j/spring/webmvc"><class name="io/deadline4j/spring/webmvc/DeadlineExceptionHandler" sourcefilename="DeadlineExceptionHandler.java"><method name="&lt;init&gt;" desc="()V" line="20"><counter type="INSTRUCTION" missed="0" covered="3"/><counter type="LINE" missed="0" covered="1"/><counter type="COMPLEXITY" missed="0" covered="1"/><counter type="METHOD" missed="0" covered="1"/></method><method name="handleDeadlineExceeded" desc="(Lio/deadline4j/DeadlineExceededException;)Lorg/springframework/http/ResponseEntity;" line="25"><counter type="INSTRUCTION" missed="0" covered="35"/><counter type="BRANCH" missed="0" covered="2"/><counter type="LINE" missed="0" covered="7"/><counter type="COMPLEXITY" missed="0" covered="2"/><counter type="METHOD" missed="0" covered="1"/></method><counter type="INSTRUCTION" missed="0" covered="38"/><counter type="BRANCH" missed="0" covered="2"/><counter type="LINE" missed="0" covered="8"/><counter type="COMPLEXITY" missed="0" covered="3"/><counter type="METHOD" missed="0" covered="2"/><counter type="CLASS" missed="0" covered="1"/></class><class name="io/deadline4j/spring/webmvc/EmptyClientHttpResponse" sourcefilename="EmptyClientHttpResponse.java"><method name="&lt;init&gt;" desc="(Ljava/lang/String;)V" line="18"><counter type="INSTRUCTION" missed="0" covered="6"/><counter type="LINE" missed="0" covered="3"/><counter type="COMPLEXITY" missed="0" covered="1"/><counter type="METHOD" missed="0" covered="1"/></method><method name="forSkippedCall" desc="(Ljava/lang/String;)Lio/deadline4j/spring/webmvc/EmptyClientHttpResponse;" line="23"><counter type="INSTRUCTION" missed="0" covered="5"/><counter type="LINE" missed="0" covered="1"/><counter type="COMPLEXITY" missed="0" covered="1"/><counter type="METHOD" missed="0" covered="1"/></method><method name="getStatusCode" desc="()Lorg/springframework/http/HttpStatusCode;" line="28"><counter type="INSTRUCTION" missed="0" covered="3"/><counter type="LINE" missed="0" covered="1"/><counter type="COMPLEXITY" missed="0" covered="1"/><counter type="METHOD" missed="0" covered="1"/></method><method name="getStatusText" desc="()Ljava/lang/String;" line="33"><counter type="INSTRUCTION" missed="0" covered="2"/><counter type="LINE" missed="0" covered="1"/><counter type="COMPLEXITY" missed="0" covered="1"/><counter type="METHOD" missed="0" covered="1"/></method><method name="getHeaders" desc="()Lorg/springframework/http/HttpHeaders;" line="38"><counter type="INSTRUCTION" missed="0" covered="4"/><counter type="LINE" missed="0" covered="1"/><counter type="COMPLEXITY" missed="0" covered="1"/><counter type="METHOD" missed="0" covered="1"/></method><method name="getBody" desc="()Ljava/io/InputStream;" line="43"><counter type="INSTRUCTION" missed="0" covered="6"/><counter type="LINE" missed="0" covered="1"/><counter type="COMPLEXITY" missed="0" covered="1"/><counter type="METHOD" missed="0" covered="1"/></method><method name="close" desc="()V" line="49"><counter type="INSTRUCTION" missed="1" covered="0"/><counter type="LINE" missed="1" covered="0"/><counter type="COMPLEXITY" missed="1" covered="0"/><counter type="METHOD" missed="1" covered="0"/></method><method name="skippedService" desc="()Ljava/lang/String;" line="52"><counter type="INSTRUCTION" missed="0" covered="3"/><counter type="LINE" missed="0" covered="1"/><counter type="COMPLEXITY" missed="0" covered="1"/><counter type="METHOD" missed="0" covered="1"/></method><counter type="INSTRUCTION" missed="1" covered="29"/><counter type="LINE" missed="1" covered="9"/><counter type="COMPLEXITY" missed="1" covered="7"/><counter type="METHOD" missed="1" covered="7"/><counter type="CLASS" missed="0" covered="1"/></class><class name="io/deadline4j/spring/webmvc/DeadlineFilter" sourcefilename="DeadlineFilter.java"><method name="&lt;init&gt;" desc="(Lio/deadline4j/DeadlineCodec;Ljava/time/Duration;Lio/deadline4j/EnforcementMode;Lio/deadline4j/ServerDeadlineConfig;)V" line="29"><counter type="INSTRUCTION" missed="0" covered="15"/><counter type="LINE" missed="0" covered="6"/><counter type="COMPLEXITY" missed="0" covered="1"/><counter type="METHOD" missed="0" covered="1"/></method><method name="&lt;init&gt;" desc="(Lio/deadline4j/DeadlineCodec;Ljava/time/Duration;Lio/deadline4j/EnforcementMode;)V" line="39"><counter type="INSTRUCTION" missed="0" covered="7"/><counter type="LINE" missed="0" covered="2"/><counter type="COMPLEXITY" missed="0" covered="1"/><counter type="METHOD" missed="0" covered="1"/></method><method name="doFilter" desc="(Ljakarta/servlet/ServletRequest;Ljakarta/servlet/ServletResponse;Ljakarta/servlet/FilterChain;)V" line="45"><counter type="INSTRUCTION" missed="0" covered="46"/><counter type="BRANCH" missed="0" covered="8"/><counter type="LINE" missed="0" covered="14"/><counter type="COMPLEXITY" missed="0" covered="5"/><counter type="METHOD" missed="0" covered="1"/></method><counter type="INSTRUCTION" missed="0" covered="68"/><counter type="BRANCH" missed="0" covered="8"/><counter type="LINE" missed="0" covered="22"/><counter type="COMPLEXITY" missed="0" covered="7"/><counter type="METHOD" missed="0" covered="3"/><counter type="CLASS" missed="0" covered="1"/></class><class name="io/deadline4j/spring/webmvc/DeadlineRestTemplateInterceptor" sourcefilename="DeadlineRestTemplateInterceptor.java"><method name="&lt;init&gt;" desc="(Lio/deadline4j/DeadlineCodec;Lio/deadline4j/AdaptiveTimeoutRegistry;Lio/deadline4j/ServiceNameResolver;Lio/deadline4j/ServiceConfigRegistry;)V" line="31"><counter type="INSTRUCTION" missed="0" covered="15"/><counter type="LINE" missed="0" covered="6"/><counter type="COMPLEXITY" missed="0" covered="1"/><counter type="METHOD" missed="0" covered="1"/></method><method name="intercept" desc="(Lorg/springframework/http/HttpRequest;[BLorg/springframework/http/client/ClientHttpRequestExecution;)Lorg/springframework/http/client/ClientHttpResponse;" line="42"><counter type="INSTRUCTION" missed="0" covered="106"/><counter type="BRANCH" missed="3" covered="17"/><counter type="LINE" missed="0" covered="21"/><counter type="COMPLEXITY" missed="3" covered="8"/><counter type="METHOD" missed="0" covered="1"/></method><method name="recordingExecute" desc="(Ljava/lang/String;Lorg/springframework/http/client/ClientHttpRequestExecution;Lorg/springframework/http/HttpRequest;[B)Lorg/springframework/http/client/ClientHttpResponse;" line="86"><counter type="INSTRUCTION" missed="0" covered="43"/><counter type="LINE" missed="0" covered="13"/><counter type="COMPLEXITY" missed="0" covered="1"/><counter type="METHOD" missed="0" covered="1"/></method><method name="lambda$intercept$0" desc="(Lorg/springframework/http/HttpHeaders;Ljava/lang/String;Ljava/lang/String;)V" line="68"><counter type="INSTRUCTION" missed="0" covered="5"/><counter type="LINE" missed="0" covered="1"/><counter type="COMPLEXITY" missed="0" covered="1"/><counter type="METHOD" missed="0" covered="1"/></method><counter type="INSTRUCTION" missed="0" covered="169"/><counter type="BRANCH" missed="3" covered="17"/><counter type="LINE" missed="0" covered="41"/><counter type="COMPLEXITY" missed="3" covered="11"/><counter type="METHOD" missed="0" covered="4"/><counter type="CLASS" missed="0" covered="1"/></class><sourcefile name="DeadlineExceptionHandler.java"><line nr="20" mi="0" ci="3" mb="0" cb="0"/><line nr="25" mi="0" ci="4" mb="0" cb="0"/><line nr="26" mi="0" ci="6" mb="0" cb="0"/><line nr="27" mi="0" ci="5" mb="0" cb="0"/><line nr="28" mi="0" ci="6" mb="0" cb="0"/><line nr="29" mi="0" ci="3" mb="0" cb="2"/><line nr="30" mi="0" ci="6" mb="0" cb="0"/><line nr="32" mi="0" ci="5" mb="0" cb="0"/><counter type="INSTRUCTION" missed="0" covered="38"/><counter type="BRANCH" missed="0" covered="2"/><counter type="LINE" missed="0" covered="8"/><counter type="COMPLEXITY" missed="0" covered="3"/><counter type="METHOD" missed="0" covered="2"/><counter type="CLASS" missed="0" covered="1"/></sourcefile><sourcefile name="EmptyClientHttpResponse.java"><line nr="18" mi="0" ci="2" mb="0" cb="0"/><line nr="19" mi="0" ci="3" mb="0" cb="0"/><line nr="20" mi="0" ci="1" mb="0" cb="0"/><line nr="23" mi="0" ci="5" mb="0" cb="0"/><line nr="28" mi="0" ci="3" mb="0" cb="0"/><line nr="33" mi="0" ci="2" mb="0" cb="0"/><line nr="38" mi="0" ci="4" mb="0" cb="0"/><line nr="43" mi="0" ci="6" mb="0" cb="0"/><line nr="49" mi="1" ci="0" mb="0" cb="0"/><line nr="52" mi="0" ci="3" mb="0" cb="0"/><counter type="INSTRUCTION" missed="1" covered="29"/><counter type="LINE" missed="1" covered="9"/><counter type="COMPLEXITY" missed="1" covered="7"/><counter type="METHOD" missed="1" covered="7"/><counter type="CLASS" missed="0" covered="1"/></sourcefile><sourcefile name="DeadlineFilter.java"><line nr="29" mi="0" ci="2" mb="0" cb="0"/><line nr="30" mi="0" ci="3" mb="0" cb="0"/><line nr="31" mi="0" ci="3" mb="0" cb="0"/><line nr="32" mi="0" ci="3" mb="0" cb="0"/><line nr="33" mi="0" ci="3" mb="0" cb="0"/><line nr="34" mi="0" ci="1" mb="0" cb="0"/><line nr="39" mi="0" ci="6" mb="0" cb="0"/><line nr="40" mi="0" ci="1" mb="0" cb="0"/><line nr="45" mi="0" ci="3" mb="0" cb="0"/><line nr="46" mi="0" ci="6" mb="0" cb="0"/><line nr="48" mi="0" ci="5" mb="0" cb="4"/><line nr="49" mi="0" ci="4" mb="0" cb="0"/><line nr="53" mi="0" ci="2" mb="0" cb="2"/><line nr="54" mi="0" ci="5" mb="0" cb="0"/><line nr="57" mi="0" ci="2" mb="0" cb="2"/><line nr="58" mi="0" ci="3" mb="0" cb="0"/><line nr="59" mi="0" ci="3" mb="0" cb="0"/><line nr="60" mi="0" ci="3" mb="0" cb="0"/><line nr="61" mi="0" ci="4" mb="0" cb="0"/><line nr="63" mi="0" ci="1" mb="0" cb="0"/><line nr="64" mi="0" ci="4" mb="0" cb="0"/><line nr="66" mi="0" ci="1" mb="0" cb="0"/><counter type="INSTRUCTION" missed="0" covered="68"/><counter type="BRANCH" missed="0" covered="8"/><counter type="LINE" missed="0" covered="22"/><counter type="COMPLEXITY" missed="0" covered="7"/><counter type="METHOD" missed="0" covered="3"/><counter type="CLASS" missed="0" covered="1"/></sourcefile><sourcefile name="DeadlineRestTemplateInterceptor.java"><line nr="31" mi="0" ci="2" mb="0" cb="0"/><line nr="32" mi="0" ci="3" mb="0" cb="0"/><line nr="33" mi="0" ci="3" mb="0" cb="0"/><line nr="34" mi="0" ci="3" mb="0" cb="0"/><line nr="35" mi="0" ci="3" mb="0" cb="0"/><line nr="36" mi="0" ci="1" mb="0" cb="0"/><line nr="42" mi="0" ci="2" mb="0" cb="0"/><line nr="43" mi="0" ci="6" mb="0" cb="0"/><line nr="44" mi="0" ci="5" mb="0" cb="0"/><line nr="46" mi="0" ci="6" mb="0" cb="4"/><line nr="47" mi="0" ci="7" mb="0" cb="0"/><line nr="50" mi="0" ci="8" mb="0" cb="2"/><line nr="53" mi="0" ci="6" mb="1" cb="3"/><line nr="54" mi="0" ci="3" mb="0" cb="0"/><line nr="55" mi="0" ci="8" mb="2" cb="2"/><line nr="56" mi="0" ci="3" mb="0" cb="0"/><line nr="61" mi="0" ci="3" mb="0" cb="0"/><line nr="62" mi="0" ci="6" mb="0" cb="4"/><line nr="63" mi="0" ci="8" mb="0" cb="0"/><line nr="67" mi="0" ci="7" mb="0" cb="0"/><line nr="68" mi="0" ci="5" mb="0" cb="0"/><line nr="71" mi="0" ci="5" mb="0" cb="0"/><line nr="72" mi="0" ci="2" mb="0" cb="2"/><line nr="73" mi="0" ci="4" mb="0" cb="0"/><line nr="74" mi="0" ci="3" mb="0" cb="0"/><line nr="77" mi="0" ci="5" mb="0" cb="0"/><line nr="78" mi="0" ci="2" mb="0" cb="0"/><line nr="80" mi="0" ci="7" mb="0" cb="0"/><line nr="86" mi="0" ci="5" mb="0" cb="0"/><line nr="87" mi="0" ci="2" mb="0" cb="0"/><line nr="88" mi="0" ci="2" mb="0" cb="0"/><line nr="90" mi="0" ci="5" mb="0" cb="0"/><line nr="91" mi="0" ci="5" mb="0" cb="0"/><line nr="92" mi="0" ci="3" mb="0" cb="0"/><line nr="93" mi="0" ci="4" mb="0" cb="0"/><line nr="94" mi="0" ci="2" mb="0" cb="0"/><line nr="95" mi="0" ci="1" mb="0" cb="0"/><line nr="96" mi="0" ci="5" mb="0" cb="0"/><line nr="97" mi="0" ci="3" mb="0" cb="0"/><line nr="98" mi="0" ci="4" mb="0" cb="0"/><line nr="99" mi="0" ci="2" mb="0" cb="0"/><counter type="INSTRUCTION" missed="0" covered="169"/><counter type="BRANCH" missed="3" covered="17"/><counter type="LINE" missed="0" covered="41"/><counter type="COMPLEXITY" missed="3" covered="11"/><counter type="METHOD" missed="0" covered="4"/><counter type="CLASS" missed="0" covered="1"/></sourcefile><counter type="INSTRUCTION" missed="1" covered="304"/><counter type="BRANCH" missed="3" covered="27"/><counter type="LINE" missed="1" covered="80"/><counter type="COMPLEXITY" missed="4" covered="28"/><counter type="METHOD" missed="1" covered="16"/><counter type="CLASS" missed="0" covered="4"/></package><counter type="INSTRUCTION" missed="1" covered="304"/><counter type="BRANCH" missed="3" covered="27"/><counter type="LINE" missed="1" covered="80"/><counter type="COMPLEXITY" missed="4" covered="28"/><counter type="METHOD" missed="1" covered="16"/><counter type="CLASS" missed="0" covered="4"/></report>